Vivado Simulator 2018.3
Copyright 1986-1999, 2001-2018 Xilinx, Inc. All Rights Reserved.
Running: C:/Xilinx/Vivado/2018.3/bin/unwrapped/win64.o/xelab.exe -wto 89e896b5fe934b0ab04bc8e1bb8fa07b --incr --debug typical --relax --mt 2 --maxdelay -L xil_defaultlib -L simprims_ver -L secureip --snapshot testbench_polynomial_time_synth -transport_int_delays -pulse_r 0 -pulse_int_r 0 -pulse_e 0 -pulse_int_e 0 xil_defaultlib.testbench_polynomial xil_defaultlib.glbl -log elaborate.log 
Using 2 slave threads.
Starting static elaboration
Completed static elaboration
Starting simulation data flow analysis
Completed simulation data flow analysis
INFO: [XSIM 43-3451] SDF backannotation process started with SDF file "testbench_polynomial_time_synth.sdf", for root module "testbench_polynomial/mx1".
INFO: [XSIM 43-3452] SDF backannotation was successful for SDF file "testbench_polynomial_time_synth.sdf", for root module "testbench_polynomial/mx1".
Time Resolution for simulation is 1ps
Compiling module simprims_ver.OBUF
Compiling module simprims_ver.LUT6
Compiling module simprims_ver.LUT5
Compiling module simprims_ver.LUT4
Compiling module simprims_ver.x_lut2_mux4
Compiling module simprims_ver.LUT2
Compiling module simprims_ver.IBUF
Compiling module xil_defaultlib.mul_x_inv
Compiling module xil_defaultlib.sbox
Compiling module xil_defaultlib.testbench_polynomial
Compiling module xil_defaultlib.glbl
Built simulation snapshot testbench_polynomial_time_synth
