
*** Running vivado
    with args -log roundnum.vdi -applog -m64 -product Vivado -messageDb vivado.pb -mode batch -source roundnum.tcl -notrace


****** Vivado v2018.3 (64-bit)
  **** SW Build 2405991 on Thu Dec  6 23:38:27 MST 2018
  **** IP Build 2404404 on Fri Dec  7 01:43:56 MST 2018
    ** Copyright 1986-2018 Xilinx, Inc. All Rights Reserved.

source roundnum.tcl -notrace
Command: link_design -top roundnum -part xc7k160tfbv676-1
Design is defaulting to srcset: sources_1
Design is defaulting to constrset: constrs_1
WARNING: [Netlist 29-101] Netlist 'roundnum' is not ideal for floorplanning, since the cellview 'roundnum' contains a large number of primitives.  Please consider enabling hierarchy in synthesis if you want to do floorplanning.
INFO: [Project 1-479] Netlist was created with Vivado 2018.3
INFO: [Device 21-403] Loading part xc7k160tfbv676-1
INFO: [Project 1-570] Preparing netlist for logic optimization
Parsing XDC File [C:/Users/Utkarsh/Desktop/BTP/constraints.xdc]
WARNING: [Vivado 12-584] No ports matched 'CLK'. [C:/Users/Utkarsh/Desktop/BTP/constraints.xdc:3]
CRITICAL WARNING: [Vivado 12-4739] create_clock:No valid object(s) found for '-objects [get_ports CLK]'. [C:/Users/Utkarsh/Desktop/BTP/constraints.xdc:3]
Resolution: Check if the specified object(s) exists in the current design. If it does, ensure that the correct design hierarchy was specified for the object. If you are working with clocks, make sure create_clock was used to create the clock object before it is referenced.
Finished Parsing XDC File [C:/Users/Utkarsh/Desktop/BTP/constraints.xdc]
INFO: [Opt 31-138] Pushed 0 inverter(s) to 0 load pin(s).
Netlist sorting complete. Time (s): cpu = 00:00:00 ; elapsed = 00:00:00.001 . Memory (MB): peak = 669.066 ; gain = 0.000
INFO: [Project 1-111] Unisim Transformation Summary:
No Unisim elements were transformed.

5 Infos, 2 Warnings, 1 Critical Warnings and 0 Errors encountered.
link_design completed successfully
link_design: Time (s): cpu = 00:00:06 ; elapsed = 00:00:06 . Memory (MB): peak = 673.070 ; gain = 342.270
Command: opt_design
Attempting to get a license for feature 'Implementation' and/or device 'xc7k160t'
INFO: [Common 17-349] Got license for feature 'Implementation' and/or device 'xc7k160t'
Running DRC as a precondition to command opt_design

Starting DRC Task
INFO: [DRC 23-27] Running DRC with 2 threads
INFO: [Project 1-461] DRC finished with 0 Errors
INFO: [Project 1-462] Please refer to the DRC report (report_drc) for more information.

Time (s): cpu = 00:00:01 ; elapsed = 00:00:00.625 . Memory (MB): peak = 683.504 ; gain = 10.434

Starting Cache Timing Information Task
INFO: [Timing 38-35] Done setting XDC timing constraints.
Ending Cache Timing Information Task | Checksum: 1b60195fc

Time (s): cpu = 00:00:08 ; elapsed = 00:00:09 . Memory (MB): peak = 1260.359 ; gain = 576.855

Starting Logic Optimization Task

Phase 1 Retarget
INFO: [Opt 31-138] Pushed 0 inverter(s) to 0 load pin(s).
INFO: [Opt 31-49] Retargeted 0 cell(s).
Phase 1 Retarget | Checksum: 1b60195fc

Time (s): cpu = 00:00:00 ; elapsed = 00:00:00.117 . Memory (MB): peak = 1355.906 ; gain = 0.000
INFO: [Opt 31-389] Phase Retarget created 0 cells and removed 0 cells

Phase 2 Constant propagation
INFO: [Opt 31-138] Pushed 0 inverter(s) to 0 load pin(s).
Phase 2 Constant propagation | Checksum: 1b60195fc

Time (s): cpu = 00:00:00 ; elapsed = 00:00:00.148 . Memory (MB): peak = 1355.906 ; gain = 0.000
INFO: [Opt 31-389] Phase Constant propagation created 0 cells and removed 0 cells

Phase 3 Sweep
Phase 3 Sweep | Checksum: 1b60195fc

Time (s): cpu = 00:00:00 ; elapsed = 00:00:00.176 . Memory (MB): peak = 1355.906 ; gain = 0.000
INFO: [Opt 31-389] Phase Sweep created 0 cells and removed 0 cells

Phase 4 BUFG optimization
Phase 4 BUFG optimization | Checksum: 1b60195fc

Time (s): cpu = 00:00:00 ; elapsed = 00:00:00.255 . Memory (MB): peak = 1355.906 ; gain = 0.000
INFO: [Opt 31-662] Phase BUFG optimization created 0 cells of which 0 are BUFGs and removed 0 cells.

Phase 5 Shift Register Optimization
Phase 5 Shift Register Optimization | Checksum: 1b60195fc

Time (s): cpu = 00:00:00 ; elapsed = 00:00:00.348 . Memory (MB): peak = 1355.906 ; gain = 0.000
INFO: [Opt 31-389] Phase Shift Register Optimization created 0 cells and removed 0 cells

Phase 6 Post Processing Netlist
Phase 6 Post Processing Netlist | Checksum: 1b60195fc

Time (s): cpu = 00:00:00 ; elapsed = 00:00:00.354 . Memory (MB): peak = 1355.906 ; gain = 0.000
INFO: [Opt 31-389] Phase Post Processing Netlist created 0 cells and removed 0 cells
Opt_design Change Summary
=========================


-------------------------------------------------------------------------------------------------------------------------
|  Phase                        |  #Cells created  |  #Cells Removed  |  #Constrained objects preventing optimizations  |
-------------------------------------------------------------------------------------------------------------------------
|  Retarget                     |               0  |               0  |                                              0  |
|  Constant propagation         |               0  |               0  |                                              0  |
|  Sweep                        |               0  |               0  |                                              0  |
|  BUFG optimization            |               0  |               0  |                                              0  |
|  Shift Register Optimization  |               0  |               0  |                                              0  |
|  Post Processing Netlist      |               0  |               0  |                                              0  |
-------------------------------------------------------------------------------------------------------------------------



Starting Connectivity Check Task

Time (s): cpu = 00:00:00 ; elapsed = 00:00:00.005 . Memory (MB): peak = 1355.906 ; gain = 0.000
Ending Logic Optimization Task | Checksum: 1b60195fc

Time (s): cpu = 00:00:00 ; elapsed = 00:00:00.363 . Memory (MB): peak = 1355.906 ; gain = 0.000

Starting Power Optimization Task
INFO: [Pwropt 34-132] Skipping clock gating for clocks with a period < 2.00 ns.
Ending Power Optimization Task | Checksum: 1b60195fc

Time (s): cpu = 00:00:00 ; elapsed = 00:00:00.007 . Memory (MB): peak = 1355.906 ; gain = 0.000

Starting Final Cleanup Task
Ending Final Cleanup Task | Checksum: 1b60195fc

Time (s): cpu = 00:00:00 ; elapsed = 00:00:00 . Memory (MB): peak = 1355.906 ; gain = 0.000

Starting Netlist Obfuscation Task
Netlist sorting complete. Time (s): cpu = 00:00:00 ; elapsed = 00:00:00 . Memory (MB): peak = 1355.906 ; gain = 0.000
Ending Netlist Obfuscation Task | Checksum: 1b60195fc

Time (s): cpu = 00:00:00 ; elapsed = 00:00:00 . Memory (MB): peak = 1355.906 ; gain = 0.000
INFO: [Common 17-83] Releasing license: Implementation
21 Infos, 2 Warnings, 1 Critical Warnings and 0 Errors encountered.
opt_design completed successfully
opt_design: Time (s): cpu = 00:00:10 ; elapsed = 00:00:11 . Memory (MB): peak = 1355.906 ; gain = 682.836
Netlist sorting complete. Time (s): cpu = 00:00:00 ; elapsed = 00:00:00.001 . Memory (MB): peak = 1355.906 ; gain = 0.000
INFO: [Timing 38-480] Writing timing data to binary archive.
Netlist sorting complete. Time (s): cpu = 00:00:00 ; elapsed = 00:00:00 . Memory (MB): peak = 1355.906 ; gain = 0.000
INFO: [Common 17-1381] The checkpoint 'C:/Users/Utkarsh/Documents/AES_merged/AES_merged.runs/impl_1/roundnum_opt.dcp' has been generated.
INFO: [runtcl-4] Executing : report_drc -file roundnum_drc_opted.rpt -pb roundnum_drc_opted.pb -rpx roundnum_drc_opted.rpx
Command: report_drc -file roundnum_drc_opted.rpt -pb roundnum_drc_opted.pb -rpx roundnum_drc_opted.rpx
INFO: [IP_Flow 19-234] Refreshing IP repositories
INFO: [IP_Flow 19-1704] No user IP repositories specified
INFO: [IP_Flow 19-2313] Loaded Vivado IP repository 'C:/Xilinx/Vivado/2018.3/data/ip'.
INFO: [DRC 23-27] Running DRC with 2 threads
INFO: [Coretcl 2-168] The results of DRC are in file C:/Users/Utkarsh/Documents/AES_merged/AES_merged.runs/impl_1/roundnum_drc_opted.rpt.
report_drc completed successfully
Command: place_design
Attempting to get a license for feature 'Implementation' and/or device 'xc7k160t'
INFO: [Common 17-349] Got license for feature 'Implementation' and/or device 'xc7k160t'
INFO: [DRC 23-27] Running DRC with 2 threads
INFO: [Vivado_Tcl 4-198] DRC finished with 0 Errors
INFO: [Vivado_Tcl 4-199] Please refer to the DRC report (report_drc) for more information.
Running DRC as a precondition to command place_design
INFO: [DRC 23-27] Running DRC with 2 threads
INFO: [Vivado_Tcl 4-198] DRC finished with 0 Errors
INFO: [Vivado_Tcl 4-199] Please refer to the DRC report (report_drc) for more information.

Starting Placer Task
INFO: [Place 30-611] Multithreading enabled for place_design using a maximum of 2 CPUs

Phase 1 Placer Initialization

Phase 1.1 Placer Initialization Netlist Sorting
Netlist sorting complete. Time (s): cpu = 00:00:00 ; elapsed = 00:00:00 . Memory (MB): peak = 1355.906 ; gain = 0.000
Phase 1.1 Placer Initialization Netlist Sorting | Checksum: f6aa834f

Time (s): cpu = 00:00:00 ; elapsed = 00:00:00.004 . Memory (MB): peak = 1355.906 ; gain = 0.000
Netlist sorting complete. Time (s): cpu = 00:00:00 ; elapsed = 00:00:00.001 . Memory (MB): peak = 1355.906 ; gain = 0.000

Phase 1.2 IO Placement/ Clock Placement/ Build Placer Device
ERROR: [Place 30-415] IO Placement failed due to overutilization. This design contains 516 I/O ports
 while the target  device: 7k160t package: fbv676, contains only 400 available user I/O. The target device has 400 usable I/O pins of which 0 are already occupied by user-locked I/Os.
 To rectify this issue:
 1. Ensure you are targeting the correct device and package.  Select a larger device or different package if necessary.
 2. Check the top-level ports of the design to ensure the correct number of ports are specified.
 3. Consider design changes to reduce the number of I/Os necessary.
INFO: [Timing 38-35] Done setting XDC timing constraints.
ERROR: [Place 30-68] Instance data_IBUF[0]_inst (IBUF) is not placed
ERROR: [Place 30-68] Instance data_IBUF[100]_inst (IBUF) is not placed
ERROR: [Place 30-68] Instance data_IBUF[101]_inst (IBUF) is not placed
ERROR: [Place 30-68] Instance data_IBUF[102]_inst (IBUF) is not placed
ERROR: [Place 30-68] Instance data_IBUF[103]_inst (IBUF) is not placed
ERROR: [Place 30-68] Instance data_IBUF[104]_inst (IBUF) is not placed
ERROR: [Place 30-68] Instance data_IBUF[105]_inst (IBUF) is not placed
ERROR: [Place 30-68] Instance data_IBUF[106]_inst (IBUF) is not placed
ERROR: [Place 30-68] Instance data_IBUF[107]_inst (IBUF) is not placed
ERROR: [Place 30-68] Instance data_IBUF[108]_inst (IBUF) is not placed
ERROR: [Place 30-68] Instance data_IBUF[109]_inst (IBUF) is not placed
ERROR: [Place 30-68] Instance data_IBUF[10]_inst (IBUF) is not placed
ERROR: [Place 30-68] Instance data_IBUF[110]_inst (IBUF) is not placed
ERROR: [Place 30-68] Instance data_IBUF[111]_inst (IBUF) is not placed
ERROR: [Place 30-68] Instance data_IBUF[112]_inst (IBUF) is not placed
ERROR: [Place 30-68] Instance data_IBUF[113]_inst (IBUF) is not placed
ERROR: [Place 30-68] Instance data_IBUF[114]_inst (IBUF) is not placed
ERROR: [Place 30-68] Instance data_IBUF[115]_inst (IBUF) is not placed
ERROR: [Place 30-68] Instance data_IBUF[116]_inst (IBUF) is not placed
ERROR: [Place 30-68] Instance data_IBUF[117]_inst (IBUF) is not placed
ERROR: [Place 30-68] Instance data_IBUF[118]_inst (IBUF) is not placed
ERROR: [Place 30-68] Instance data_IBUF[119]_inst (IBUF) is not placed
ERROR: [Place 30-68] Instance data_IBUF[11]_inst (IBUF) is not placed
ERROR: [Place 30-68] Instance data_IBUF[120]_inst (IBUF) is not placed
ERROR: [Place 30-68] Instance data_IBUF[121]_inst (IBUF) is not placed
ERROR: [Place 30-68] Instance data_IBUF[122]_inst (IBUF) is not placed
ERROR: [Place 30-68] Instance data_IBUF[123]_inst (IBUF) is not placed
ERROR: [Place 30-68] Instance data_IBUF[124]_inst (IBUF) is not placed
ERROR: [Place 30-68] Instance data_IBUF[125]_inst (IBUF) is not placed
ERROR: [Place 30-68] Instance data_IBUF[126]_inst (IBUF) is not placed
ERROR: [Place 30-68] Instance data_IBUF[127]_inst (IBUF) is not placed
ERROR: [Place 30-68] Instance data_IBUF[12]_inst (IBUF) is not placed
ERROR: [Place 30-68] Instance data_IBUF[13]_inst (IBUF) is not placed
ERROR: [Place 30-68] Instance data_IBUF[14]_inst (IBUF) is not placed
ERROR: [Place 30-68] Instance data_IBUF[15]_inst (IBUF) is not placed
ERROR: [Place 30-68] Instance data_IBUF[16]_inst (IBUF) is not placed
ERROR: [Place 30-68] Instance data_IBUF[17]_inst (IBUF) is not placed
ERROR: [Place 30-68] Instance data_IBUF[18]_inst (IBUF) is not placed
ERROR: [Place 30-68] Instance data_IBUF[19]_inst (IBUF) is not placed
ERROR: [Place 30-68] Instance data_IBUF[1]_inst (IBUF) is not placed
ERROR: [Place 30-68] Instance data_IBUF[20]_inst (IBUF) is not placed
ERROR: [Place 30-68] Instance data_IBUF[21]_inst (IBUF) is not placed
ERROR: [Place 30-68] Instance data_IBUF[22]_inst (IBUF) is not placed
ERROR: [Place 30-68] Instance data_IBUF[23]_inst (IBUF) is not placed
ERROR: [Place 30-68] Instance data_IBUF[24]_inst (IBUF) is not placed
ERROR: [Place 30-68] Instance data_IBUF[25]_inst (IBUF) is not placed
ERROR: [Place 30-68] Instance data_IBUF[26]_inst (IBUF) is not placed
ERROR: [Place 30-68] Instance data_IBUF[27]_inst (IBUF) is not placed
ERROR: [Place 30-68] Instance data_IBUF[28]_inst (IBUF) is not placed
ERROR: [Place 30-68] Instance data_IBUF[29]_inst (IBUF) is not placed
ERROR: [Place 30-68] Instance data_IBUF[2]_inst (IBUF) is not placed
ERROR: [Place 30-68] Instance data_IBUF[30]_inst (IBUF) is not placed
ERROR: [Place 30-68] Instance data_IBUF[31]_inst (IBUF) is not placed
ERROR: [Place 30-68] Instance data_IBUF[32]_inst (IBUF) is not placed
ERROR: [Place 30-68] Instance data_IBUF[33]_inst (IBUF) is not placed
ERROR: [Place 30-68] Instance data_IBUF[34]_inst (IBUF) is not placed
ERROR: [Place 30-68] Instance data_IBUF[35]_inst (IBUF) is not placed
ERROR: [Place 30-68] Instance data_IBUF[36]_inst (IBUF) is not placed
ERROR: [Place 30-68] Instance data_IBUF[37]_inst (IBUF) is not placed
ERROR: [Place 30-68] Instance data_IBUF[38]_inst (IBUF) is not placed
ERROR: [Place 30-68] Instance data_IBUF[39]_inst (IBUF) is not placed
ERROR: [Place 30-68] Instance data_IBUF[3]_inst (IBUF) is not placed
ERROR: [Place 30-68] Instance data_IBUF[40]_inst (IBUF) is not placed
ERROR: [Place 30-68] Instance data_IBUF[41]_inst (IBUF) is not placed
ERROR: [Place 30-68] Instance data_IBUF[42]_inst (IBUF) is not placed
ERROR: [Place 30-68] Instance data_IBUF[43]_inst (IBUF) is not placed
ERROR: [Place 30-68] Instance data_IBUF[44]_inst (IBUF) is not placed
ERROR: [Place 30-68] Instance data_IBUF[45]_inst (IBUF) is not placed
ERROR: [Place 30-68] Instance data_IBUF[46]_inst (IBUF) is not placed
ERROR: [Place 30-68] Instance data_IBUF[47]_inst (IBUF) is not placed
ERROR: [Place 30-68] Instance data_IBUF[48]_inst (IBUF) is not placed
ERROR: [Place 30-68] Instance data_IBUF[49]_inst (IBUF) is not placed
ERROR: [Place 30-68] Instance data_IBUF[4]_inst (IBUF) is not placed
ERROR: [Place 30-68] Instance data_IBUF[50]_inst (IBUF) is not placed
ERROR: [Place 30-68] Instance data_IBUF[51]_inst (IBUF) is not placed
ERROR: [Place 30-68] Instance data_IBUF[52]_inst (IBUF) is not placed
ERROR: [Place 30-68] Instance data_IBUF[53]_inst (IBUF) is not placed
ERROR: [Place 30-68] Instance data_IBUF[54]_inst (IBUF) is not placed
ERROR: [Place 30-68] Instance data_IBUF[55]_inst (IBUF) is not placed
ERROR: [Place 30-68] Instance data_IBUF[56]_inst (IBUF) is not placed
ERROR: [Place 30-68] Instance data_IBUF[57]_inst (IBUF) is not placed
ERROR: [Place 30-68] Instance data_IBUF[58]_inst (IBUF) is not placed
ERROR: [Place 30-68] Instance data_IBUF[59]_inst (IBUF) is not placed
ERROR: [Place 30-68] Instance data_IBUF[5]_inst (IBUF) is not placed
ERROR: [Place 30-68] Instance data_IBUF[60]_inst (IBUF) is not placed
ERROR: [Place 30-68] Instance data_IBUF[61]_inst (IBUF) is not placed
ERROR: [Place 30-68] Instance data_IBUF[62]_inst (IBUF) is not placed
ERROR: [Place 30-68] Instance data_IBUF[63]_inst (IBUF) is not placed
ERROR: [Place 30-68] Instance data_IBUF[64]_inst (IBUF) is not placed
ERROR: [Place 30-68] Instance data_IBUF[65]_inst (IBUF) is not placed
ERROR: [Place 30-68] Instance data_IBUF[66]_inst (IBUF) is not placed
ERROR: [Place 30-68] Instance data_IBUF[67]_inst (IBUF) is not placed
ERROR: [Place 30-68] Instance data_IBUF[68]_inst (IBUF) is not placed
ERROR: [Place 30-68] Instance data_IBUF[69]_inst (IBUF) is not placed
ERROR: [Place 30-68] Instance data_IBUF[6]_inst (IBUF) is not placed
ERROR: [Place 30-68] Instance data_IBUF[70]_inst (IBUF) is not placed
ERROR: [Place 30-68] Instance data_IBUF[71]_inst (IBUF) is not placed
ERROR: [Place 30-68] Instance data_IBUF[72]_inst (IBUF) is not placed
ERROR: [Place 30-68] Instance data_IBUF[73]_inst (IBUF) is not placed
ERROR: [Place 30-68] Instance data_IBUF[74]_inst (IBUF) is not placed
INFO: [Common 17-14] Message 'Place 30-68' appears 100 times and further instances of the messages will be disabled. Use the Tcl command set_msg_config to change the current settings.
Phase 1.2 IO Placement/ Clock Placement/ Build Placer Device | Checksum: f6aa834f

Time (s): cpu = 00:00:01 ; elapsed = 00:00:02 . Memory (MB): peak = 1368.559 ; gain = 12.652
Phase 1 Placer Initialization | Checksum: f6aa834f

Time (s): cpu = 00:00:01 ; elapsed = 00:00:02 . Memory (MB): peak = 1368.559 ; gain = 12.652
ERROR: [Place 30-99] Placer failed with error: 'IO Clock Placer failed'
Please review all ERROR, CRITICAL WARNING, and WARNING messages during placement to understand the cause for failure.
Ending Placer Task | Checksum: f6aa834f

Time (s): cpu = 00:00:01 ; elapsed = 00:00:02 . Memory (MB): peak = 1368.559 ; gain = 12.652
INFO: [Common 17-83] Releasing license: Implementation
40 Infos, 2 Warnings, 1 Critical Warnings and 103 Errors encountered.
place_design failed
ERROR: [Common 17-69] Command failed: Placer could not place all instances
INFO: [Common 17-206] Exiting Vivado at Mon Jan  4 17:15:30 2021...
