INFO: [VRFC 10-2263] Analyzing Verilog file "C:/Users/Utkarsh/Documents/sbox_normal/sbox_normal.srcs/sources_1/new/inverter_g2.v" into library xil_defaultlib
INFO: [VRFC 10-311] analyzing module inverter_g2
INFO: [VRFC 10-2263] Analyzing Verilog file "C:/Users/Utkarsh/Documents/sbox_normal/sbox_normal.srcs/sources_1/new/inverter_g4.v" into library xil_defaultlib
INFO: [VRFC 10-311] analyzing module inverter_g4
INFO: [VRFC 10-2263] Analyzing Verilog file "C:/Users/Utkarsh/Documents/sbox_normal/sbox_normal.srcs/sources_1/new/inverter_g8.v" into library xil_defaultlib
INFO: [VRFC 10-311] analyzing module inverter_g8
INFO: [VRFC 10-2263] Analyzing Verilog file "C:/Users/Utkarsh/Documents/sbox_normal/sbox_normal.srcs/sources_1/new/mul_g2.v" into library xil_defaultlib
INFO: [VRFC 10-311] analyzing module mul_g2
INFO: [VRFC 10-2263] Analyzing Verilog file "C:/Users/Utkarsh/Documents/sbox_normal/sbox_normal.srcs/sources_1/new/mul_g4.v" into library xil_defaultlib
INFO: [VRFC 10-311] analyzing module mul_g4
INFO: [VRFC 10-2263] Analyzing Verilog file "C:/Users/Utkarsh/Documents/sbox_normal/sbox_normal.srcs/sources_1/new/mul_mx.v" into library xil_defaultlib
INFO: [VRFC 10-311] analyzing module mul_mx
INFO: [VRFC 10-2263] Analyzing Verilog file "C:/Users/Utkarsh/Documents/sbox_normal/sbox_normal.srcs/sources_1/new/mul_xinv.v" into library xil_defaultlib
INFO: [VRFC 10-311] analyzing module mul_xinv
INFO: [VRFC 10-2263] Analyzing Verilog file "C:/Users/Utkarsh/Documents/sbox_normal/sbox_normal.srcs/sources_1/new/scale_g2.v" into library xil_defaultlib
INFO: [VRFC 10-311] analyzing module scale_g2
INFO: [VRFC 10-2263] Analyzing Verilog file "C:/Users/Utkarsh/Documents/sbox_normal/sbox_normal.srcs/sources_1/new/scale_square_g2.v" into library xil_defaultlib
INFO: [VRFC 10-311] analyzing module scale_square_g2
INFO: [VRFC 10-2263] Analyzing Verilog file "C:/Users/Utkarsh/Documents/sbox_normal/sbox_normal.srcs/sources_1/new/scale_square_g4.v" into library xil_defaultlib
INFO: [VRFC 10-311] analyzing module scale_square_g4
INFO: [VRFC 10-2263] Analyzing Verilog file "C:/Users/Utkarsh/Documents/sbox_normal/sbox_normal.srcs/sources_1/new/test.v" into library xil_defaultlib
INFO: [VRFC 10-311] analyzing module sbox
INFO: [VRFC 10-2263] Analyzing Verilog file "C:/Users/Utkarsh/Documents/sbox_normal/sbox_normal.srcs/sources_1/new/testbench_normal.v" into library xil_defaultlib
INFO: [VRFC 10-311] analyzing module testbench_normal
