INFO: [VRFC 10-2263] Analyzing Verilog file "C:/Users/Utkarsh/Documents/AES_rolling/AES_rolling.srcs/sources_1/new/aes_merged.v" into library xil_defaultlib
INFO: [VRFC 10-311] analyzing module aes_merged
INFO: [VRFC 10-2263] Analyzing Verilog file "C:/Users/Utkarsh/Documents/AES_rolling/AES_rolling.srcs/sources_1/new/keyGeneration.v" into library xil_defaultlib
INFO: [VRFC 10-311] analyzing module KeyGeneration
INFO: [VRFC 10-2263] Analyzing Verilog file "C:/Users/Utkarsh/Documents/AES_rolling/AES_rolling.srcs/sources_1/new/mixcolumns.v" into library xil_defaultlib
INFO: [VRFC 10-311] analyzing module mixcolumn
INFO: [VRFC 10-2263] Analyzing Verilog file "C:/Users/Utkarsh/Documents/AES_rolling/AES_rolling.srcs/sources_1/new/roundnum.v" into library xil_defaultlib
INFO: [VRFC 10-311] analyzing module roundnum
INFO: [VRFC 10-2263] Analyzing Verilog file "C:/Users/Utkarsh/Documents/AES_rolling/AES_rolling.srcs/sources_1/new/roundnum_l.v" into library xil_defaultlib
INFO: [VRFC 10-311] analyzing module rounndnum_l
INFO: [VRFC 10-2263] Analyzing Verilog file "C:/Users/Utkarsh/Documents/AES_rolling/AES_rolling.srcs/sources_1/new/sbox.v" into library xil_defaultlib
INFO: [VRFC 10-311] analyzing module GF_SQ_2
INFO: [VRFC 10-311] analyzing module GF_MULS_2
INFO: [VRFC 10-311] analyzing module GF_MULS_SCL_2
INFO: [VRFC 10-311] analyzing module GF_INV_4
INFO: [VRFC 10-311] analyzing module GF_MULS_4
INFO: [VRFC 10-311] analyzing module GF_INV_8
INFO: [VRFC 10-311] analyzing module bSbox_1
INFO: [VRFC 10-311] analyzing module bSbox
INFO: [VRFC 10-2263] Analyzing Verilog file "C:/Users/Utkarsh/Documents/AES_rolling/AES_rolling.srcs/sources_1/new/shiftrows.v" into library xil_defaultlib
INFO: [VRFC 10-311] analyzing module shiftrows
INFO: [VRFC 10-2263] Analyzing Verilog file "C:/Users/Utkarsh/Documents/AES_rolling/AES_rolling.srcs/sources_1/new/subbytes.v" into library xil_defaultlib
INFO: [VRFC 10-311] analyzing module subbytes
INFO: [VRFC 10-2263] Analyzing Verilog file "C:/Users/Utkarsh/Documents/AES_rolling/AES_rolling.srcs/sources_1/new/testb.v" into library xil_defaultlib
INFO: [VRFC 10-311] analyzing module testbenc
